TN:
SF:src/app/app.component.ts
FN:8,(anonymous_0)
FNF:1
FNH:1
FNDA:2,(anonymous_0)
DA:8,1
DA:9,2
LF:2
LH:2
BRF:0
BRH:0
end_of_record
TN:
SF:src/app/common/cart-item.ts
FN:16,(anonymous_0)
FNF:1
FNH:1
FNDA:1,(anonymous_0)
DA:17,1
DA:18,1
DA:19,1
DA:20,1
DA:21,1
DA:22,1
DA:23,1
DA:24,1
LF:8
LH:8
BRF:0
BRH:0
end_of_record
TN:
SF:src/app/common/product.ts
FN:3,(anonymous_0)
FNF:1
FNH:1
FNDA:2,(anonymous_0)
DA:4,2
DA:5,2
DA:6,2
DA:7,2
DA:8,2
DA:9,2
DA:10,2
DA:11,2
LF:8
LH:8
BRF:0
BRH:0
end_of_record
TN:
SF:src/app/common/sizes.service.ts
FN:8,(anonymous_0)
FNF:1
FNH:1
FNDA:1,(anonymous_0)
DA:6,1
LF:1
LH:1
BRF:0
BRH:0
end_of_record
TN:
SF:src/app/common/sizes.ts
FN:3,(anonymous_0)
FNF:1
FNH:1
FNDA:2,(anonymous_0)
DA:4,2
DA:5,2
DA:6,2
LF:3
LH:3
BRF:0
BRH:0
end_of_record
TN:
SF:src/app/components/cart-details/cart-details.component.ts
FN:15,(anonymous_0)
FN:18,(anonymous_1)
FN:23,(anonymous_2)
FN:27,(anonymous_3)
FN:33,(anonymous_4)
FN:40,(anonymous_5)
FN:44,(anonymous_6)
FNF:7
FNH:5
FNDA:1,(anonymous_0)
FNDA:1,(anonymous_1)
FNDA:1,(anonymous_2)
FNDA:2,(anonymous_3)
FNDA:2,(anonymous_4)
FNDA:0,(anonymous_5)
FNDA:0,(anonymous_6)
DA:10,1
DA:12,1
DA:13,1
DA:14,1
DA:15,1
DA:19,1
DA:24,1
DA:26,1
DA:28,2
DA:32,1
DA:33,2
DA:36,1
DA:41,0
DA:45,0
LF:14
LH:12
BRF:0
BRH:0
end_of_record
TN:
SF:src/app/components/cart-status/cart-status.component.ts
FN:17,(anonymous_0)
FN:21,(anonymous_1)
FN:25,(anonymous_2)
FN:27,(anonymous_3)
FN:30,(anonymous_4)
FNF:5
FNH:5
FNDA:3,(anonymous_0)
FNDA:1,(anonymous_1)
FNDA:1,(anonymous_2)
FNDA:1,(anonymous_3)
FNDA:1,(anonymous_4)
DA:10,1
DA:12,3
DA:15,3
DA:17,3
DA:22,1
DA:26,1
DA:27,1
DA:29,1
DA:30,1
LF:9
LH:9
BRF:0
BRH:0
end_of_record
TN:
SF:src/app/components/checkout/checkout.component.ts
FN:18,(anonymous_0)
FN:22,(anonymous_1)
FN:42,(anonymous_2)
FN:44,(anonymous_3)
FN:47,(anonymous_4)
FN:51,(anonymous_5)
FN:55,(anonymous_6)
FN:59,(anonymous_7)
FN:63,(anonymous_8)
FN:66,(anonymous_9)
FNF:10
FNH:0
FNDA:0,(anonymous_0)
FNDA:0,(anonymous_1)
FNDA:0,(anonymous_2)
FNDA:0,(anonymous_3)
FNDA:0,(anonymous_4)
FNDA:0,(anonymous_5)
FNDA:0,(anonymous_6)
FNDA:0,(anonymous_7)
FNDA:0,(anonymous_8)
FNDA:0,(anonymous_9)
DA:11,1
DA:15,0
DA:16,0
DA:18,0
DA:19,0
DA:24,0
DA:26,0
DA:43,0
DA:44,0
DA:46,0
DA:47,0
DA:52,0
DA:56,0
DA:60,0
DA:64,0
DA:68,0
DA:69,0
DA:72,0
DA:73,0
LF:19
LH:1
BRDA:68,0,0,0
BRF:1
BRH:0
end_of_record
TN:
SF:src/app/components/product-details/product-details.component.ts
FN:37,(anonymous_0)
FN:41,(anonymous_1)
FN:42,(anonymous_2)
FN:47,(anonymous_3)
FN:51,(anonymous_4)
FN:58,(anonymous_5)
FN:65,(anonymous_6)
FNF:7
FNH:0
FNDA:0,(anonymous_0)
FNDA:0,(anonymous_1)
FNDA:0,(anonymous_2)
FNDA:0,(anonymous_3)
FNDA:0,(anonymous_4)
FNDA:0,(anonymous_5)
FNDA:0,(anonymous_6)
DA:31,1
DA:34,0
DA:37,0
DA:38,0
DA:39,0
DA:42,0
DA:43,0
DA:48,0
DA:50,0
DA:52,0
DA:53,0
DA:56,0
DA:57,0
DA:59,0
DA:60,0
DA:66,0
DA:67,0
DA:68,0
LF:18
LH:1
BRF:0
BRH:0
end_of_record
TN:
SF:src/app/components/product-list/product-list.component.ts
FN:19,(anonymous_0)
FN:23,(anonymous_1)
FN:24,(anonymous_2)
FN:29,(anonymous_3)
FN:38,(anonymous_4)
FN:43,(anonymous_5)
FN:49,(anonymous_6)
FN:57,(anonymous_7)
FN:60,(anonymous_8)
FNF:9
FNH:5
FNDA:1,(anonymous_0)
FNDA:1,(anonymous_1)
FNDA:1,(anonymous_2)
FNDA:1,(anonymous_3)
FNDA:1,(anonymous_4)
FNDA:0,(anonymous_5)
FNDA:0,(anonymous_6)
FNDA:0,(anonymous_7)
FNDA:0,(anonymous_8)
DA:12,1
DA:14,1
DA:15,1
DA:16,1
DA:17,1
DA:19,1
DA:24,1
DA:25,1
DA:30,1
DA:31,1
DA:32,0
DA:34,1
DA:39,1
DA:40,1
DA:41,0
DA:42,0
DA:44,0
DA:48,1
DA:50,0
DA:58,0
DA:59,0
DA:61,0
LF:22
LH:14
BRDA:31,0,0,0
BRDA:31,0,1,1
BRDA:40,1,0,0
BRDA:40,1,1,1
BRF:4
BRH:2
end_of_record
TN:
SF:src/app/components/search/search.component.ts
FN:11,(anonymous_0)
FN:13,(anonymous_1)
FNF:2
FNH:1
FNDA:3,(anonymous_0)
FNDA:0,(anonymous_1)
DA:9,1
DA:11,3
DA:14,0
DA:15,0
LF:4
LH:2
BRF:0
BRH:0
end_of_record
TN:
SF:src/app/services/cart.service.ts
FN:12,(anonymous_0)
FN:23,(anonymous_1)
FN:24,(anonymous_2)
FN:36,(anonymous_3)
FN:45,(anonymous_4)
FN:50,(anonymous_5)
FN:61,(anonymous_6)
FN:78,(anonymous_7)
FN:88,(anonymous_8)
FNF:9
FNH:9
FNDA:5,(anonymous_0)
FNDA:6,(anonymous_1)
FNDA:5,(anonymous_2)
FNDA:10,(anonymous_3)
FNDA:7,(anonymous_4)
FNDA:2,(anonymous_5)
FNDA:25,(anonymous_6)
FNDA:25,(anonymous_7)
FNDA:25,(anonymous_8)
DA:11,1
DA:13,5
DA:15,5
DA:16,2
DA:19,3
DA:24,6
DA:25,6
DA:26,6
DA:30,10
DA:32,10
DA:33,10
DA:34,10
DA:37,10
DA:39,10
DA:40,8
DA:41,8
DA:46,7
DA:47,7
DA:49,7
DA:50,2
DA:51,2
DA:53,7
DA:54,2
DA:56,5
DA:58,7
DA:62,25
DA:63,25
DA:65,25
DA:66,10
DA:67,10
DA:70,25
DA:71,25
DA:73,25
DA:75,25
DA:79,25
DA:80,25
DA:81,10
DA:82,10
DA:85,25
DA:89,25
LF:40
LH:40
BRDA:15,0,0,2
BRDA:15,0,1,3
BRDA:24,1,0,5
BRDA:24,1,1,5
BRDA:39,2,0,8
BRDA:49,3,0,2
BRDA:50,4,0,2
BRDA:50,4,1,2
BRDA:53,5,0,2
BRDA:53,5,1,5
BRF:10
BRH:10
end_of_record
TN:
SF:src/app/services/product.service.ts
FN:14,(anonymous_0)
FN:16,(anonymous_1)
FN:21,(anonymous_2)
FN:23,(anonymous_3)
FN:27,(anonymous_4)
FN:32,(anonymous_5)
FN:34,(anonymous_6)
FN:38,(anonymous_7)
FN:42,(anonymous_8)
FN:46,(anonymous_9)
FNF:10
FNH:2
FNDA:2,(anonymous_0)
FNDA:0,(anonymous_1)
FNDA:1,(anonymous_2)
FNDA:0,(anonymous_3)
FNDA:0,(anonymous_4)
FNDA:0,(anonymous_5)
FNDA:0,(anonymous_6)
FNDA:0,(anonymous_7)
FNDA:0,(anonymous_8)
FNDA:0,(anonymous_9)
DA:10,1
DA:12,2
DA:14,2
DA:17,0
DA:18,0
DA:22,1
DA:23,0
DA:28,0
DA:29,0
DA:33,0
DA:34,0
DA:39,0
DA:40,0
DA:41,0
DA:42,0
DA:48,0
DA:49,0
LF:17
LH:4
BRF:0
BRH:0
end_of_record
TN:
SF:src/app/validators/shopvalidator.ts
FN:6,(anonymous_0)
FNF:1
FNH:0
FNDA:0,(anonymous_0)
DA:8,0
DA:9,0
DA:11,0
LF:3
LH:0
BRDA:8,0,0,0
BRDA:8,0,1,0
BRDA:8,1,0,0
BRDA:8,1,1,0
BRF:4
BRH:0
end_of_record
